-------------------------------------------------------------------------------
Test set: com.ontariotechu.sofe3980U.BinaryTest
-------------------------------------------------------------------------------
Tests run: 20, Failures: 1, Errors: 0, Skipped: 0, Time elapsed: 0.018 s <<< FAILURE! - in com.ontariotechu.sofe3980U.BinaryTest
and3(com.ontariotechu.sofe3980U.BinaryTest)  Time elapsed: 0.006 s  <<< FAILURE!
java.lang.AssertionError
	at com.ontariotechu.sofe3980U.BinaryTest.and3(BinaryTest.java:227)

